<?xml version="1.0" encoding="UTF-8"?>
<beans xmlns="http://www.springframework.org/schema/beans"
	xmlns:tx="http://www.springframework.org/schema/tx" xmlns:xsi="http://www.w3.org/2001/XMLSchema-instance"
	xmlns:context="http://www.springframework.org/schema/context"
	xsi:schemaLocation="http://www.springframework.org/schema/beans 
     		http://www.springframework.org/schema/beans/spring-beans.xsd
     		http://www.springframework.org/schema/tx
     		http://www.springframework.org/schema/tx/spring-tx.xsd
     		http://www.springframework.org/schema/context 
     		http://www.springframework.org/schema/context/spring-context.xsd"
	default-lazy-init="true">
	
	<import resource="classpath:applicationContext.xml" />
	
    <bean class="org.springframework.beans.factory.config.PropertyPlaceholderConfigurer">
		<property name="location" value="classpath:db-test.properties" />
	</bean>
	
	<bean id="tenantServer1" class="com.fm.template.multitenancy.routing.Tenant">
		<property name="key" value="tenant1" />
		<property name="name" value="tenant1" />
	</bean>
	
	<bean id="tenantServer2" class="com.fm.template.multitenancy.routing.Tenant">
		<property name="key" value="tenant2" />
		<property name="name" value="tenant2" />
	</bean>
	
	<bean id="tenantServer3" class="com.fm.template.multitenancy.routing.Tenant">
		<property name="key" value="tenant3" />
		<property name="name" value="tenant3" />
	</bean>

	<bean id="dataSource" class="com.fm.template.multitenancy.routing.MultiTenancyServerRoutingDataSource">
		<property name="targetDataSources">
			<map key-type="com.fm.template.multitenancy.routing.Tenant">
				<entry key-ref="tenantServer1" value-ref="tenant1DataSource" />
				<entry key-ref="tenantServer2" value-ref="tenant2DataSource" />
				<entry key-ref="tenantServer3" value-ref="tenant3DataSource" />
			</map>
		</property>
		<property name="defaultTargetDataSource" ref="globalDataSource" />
	</bean>

	<bean id="globalDataSource" parent="parentDataSource">
   		<property name="url" value="jdbc:mysql://localhost:3306/${jdbc.schema.global}"/>
	</bean>
	
	<bean id="tenant1DataSource" parent="parentDataSource">
   		<property name="url" value="jdbc:mysql://localhost:3306/${jdbc.schema1}"/>
	</bean>
	
	<bean id="tenant2DataSource" parent="parentDataSource">
   		<property name="url" value="jdbc:mysql://localhost:3306/${jdbc.schema2}"/>
	</bean>
	
	<bean id="tenant3DataSource" parent="parentDataSource">
   		<property name="url" value="jdbc:mysql://localhost:3306/${jdbc.schema3}"/>
	</bean>
	
</beans>