<?xml version="1.0" encoding="UTF-8"?>
<beans xmlns="http://www.springframework.org/schema/beans"
	xmlns:tx="http://www.springframework.org/schema/tx" xmlns:xsi="http://www.w3.org/2001/XMLSchema-instance"
	xmlns:context="http://www.springframework.org/schema/context"
	xsi:schemaLocation="http://www.springframework.org/schema/beans 
     		http://www.springframework.org/schema/beans/spring-beans.xsd
     		http://www.springframework.org/schema/tx
     		http://www.springframework.org/schema/tx/spring-tx.xsd
     		http://www.springframework.org/schema/context 
     		http://www.springframework.org/schema/context/spring-context.xsd"
	default-lazy-init="true">
	
	<import resource="classpath:applicationContext.xml" />
	
    <bean class="org.springframework.beans.factory.config.PropertyPlaceholderConfigurer">
		<property name="location" value="classpath:db-test.properties" />
	</bean>
	
	<bean id="multiServer1" class="com.lumata.multitenancy.routing.MultiTenancyServer">
		<property name="key" value="multi1" />
		<property name="name" value="multi1" />
	</bean>
	
	<bean id="multiServer2" class="com.lumata.multitenancy.routing.MultiTenancyServer">
		<property name="key" value="multi2" />
		<property name="name" value="multi2" />
	</bean>
	
	<bean id="multiServer3" class="com.lumata.multitenancy.routing.MultiTenancyServer">
		<property name="key" value="multi3" />
		<property name="name" value="multi3" />
	</bean>

	<bean id="dataSource" class="com.lumata.multitenancy.routing.MultiTenancyServerRoutingDataSource">
		<property name="targetDataSources">
			<map key-type="com.lumata.multitenancy.routing.MultiTenancyServer">
				<entry key-ref="multiServer1" value-ref="multi1DataSource" />
				<entry key-ref="multiServer2" value-ref="multi2DataSource" />
				<entry key-ref="multiServer3" value-ref="multi3DataSource" />
			</map>
		</property>
		<property name="defaultTargetDataSource" ref="globalDataSource" />
	</bean>

	<bean id="globalDataSource" parent="parentDataSource">
   		<property name="url" value="jdbc:mysql://localhost:3306/${jdbc.schema.global}"/>
	</bean>
	
	<bean id="multi1DataSource" parent="parentDataSource">
   		<property name="url" value="jdbc:mysql://localhost:3306/${jdbc.schema1}"/>
	</bean>
	
	<bean id="multi2DataSource" parent="parentDataSource">
   		<property name="url" value="jdbc:mysql://localhost:3306/${jdbc.schema2}"/>
	</bean>
	
	<bean id="multi3DataSource" parent="parentDataSource">
   		<property name="url" value="jdbc:mysql://localhost:3306/${jdbc.schema3}"/>
	</bean>
	
</beans>